<?xml version="1.0" encoding="UTF-8"?>
<!-- Generated by org.testng.reporters.JUnitReportReporter -->
<testsuite hostname="CeciNote" failures="0" tests="1" name="api.test.UserTests" time="1.268" errors="0" timestamp="2025-05-28T15:19:27 ART" skipped="0">
  <testcase classname="api.test.UserTests" name="testGetAllUsers" time="1.268"/>
  <system-out/>
</testsuite> <!-- api.test.UserTests -->
