<?xml version="1.0" encoding="UTF-8"?>
<!-- Generated by org.testng.reporters.JUnitReportReporter -->
<testsuite hostname="CeciNote" failures="0" tests="3" name="api.test.OtherUserTests" time="2.891" errors="0" timestamp="2025-05-28T15:19:28 ART" skipped="0">
  <testcase classname="api.test.OtherUserTests" name="getAllUsers" time="1.265"/>
  <system-out/>
  <testcase classname="api.test.OtherUserTests" name="getOneUserByID" time="1.084"/>
  <system-out/>
  <testcase classname="api.test.OtherUserTests" name="getAllUserNames" time="0.542"/>
  <system-out/>
</testsuite> <!-- api.test.OtherUserTests -->
