<?xml version="1.0" encoding="UTF-8"?>
<!-- Generated by org.testng.reporters.JUnitReportReporter -->
<testsuite hostname="CeciNote" failures="0" tests="1" name="api.test.UserTests" time="1.244" errors="0" timestamp="2025-05-27T08:06:58 ART" skipped="0">
  <testcase classname="api.test.UserTests" name="testGetAllUsers" time="1.244"/>
  <system-out/>
</testsuite> <!-- api.test.UserTests -->
